2024-08-05 10:25:36.333 +07:00 [INF] Application Starting
2024-08-05 10:25:36.893 +07:00 [INF] Entity Framework Core 6.0.0 initialized 'AppDbContext' using provider 'Microsoft.EntityFrameworkCore.InMemory:6.0.0' with options: StoreName=Interview 
2024-08-05 10:25:36.968 +07:00 [INF] Saved 7 entities to in-memory store.
2024-08-05 10:25:36.975 +07:00 [INF] Database created successfully and seeding data.
2024-08-05 10:25:37.109 +07:00 [INF] Now listening on: https://localhost:7040
2024-08-05 10:25:37.111 +07:00 [INF] Now listening on: http://localhost:5170
2024-08-05 10:25:37.113 +07:00 [INF] Application started. Press Ctrl+C to shut down.
2024-08-05 10:25:37.118 +07:00 [INF] Hosting environment: Development
2024-08-05 10:25:37.118 +07:00 [INF] Content root path: C:\jay\project\ShoppingInterview\webapi-shopping-interview\webapi-shopping-interview\
2024-08-05 10:25:37.247 +07:00 [INF] Request starting HTTP/2 GET https://localhost:7040/swagger/index.html - -
2024-08-05 10:25:37.490 +07:00 [INF] Request finished HTTP/2 GET https://localhost:7040/swagger/index.html - - - 200 - text/html;charset=utf-8 246.3563ms
2024-08-05 10:25:37.492 +07:00 [INF] Request starting HTTP/2 GET https://localhost:7040/_vs/browserLink - -
2024-08-05 10:25:37.492 +07:00 [INF] Request starting HTTP/2 GET https://localhost:7040/_framework/aspnetcore-browser-refresh.js - -
2024-08-05 10:25:37.501 +07:00 [INF] Request finished HTTP/2 GET https://localhost:7040/_framework/aspnetcore-browser-refresh.js - - - 200 13786 application/javascript;+charset=utf-8 8.6673ms
2024-08-05 10:25:37.542 +07:00 [INF] Request finished HTTP/2 GET https://localhost:7040/_vs/browserLink - - - 200 - text/javascript;+charset=UTF-8 50.2506ms
2024-08-05 10:25:37.570 +07:00 [INF] Request starting HTTP/2 GET https://localhost:7040/swagger/v1/swagger.json - -
2024-08-05 10:25:37.652 +07:00 [INF] Request finished HTTP/2 GET https://localhost:7040/swagger/v1/swagger.json - - - 200 - application/json;charset=utf-8 81.1434ms
2024-08-05 10:25:40.242 +07:00 [INF] Request starting HTTP/2 GET https://localhost:7040/api/Products - -
2024-08-05 10:25:40.267 +07:00 [INF] Executing endpoint 'webapi_shopping_interview.Controllers.ProductsController.GetProducts (webapi-shopping-interview)'
2024-08-05 10:25:40.284 +07:00 [INF] Route matched with {action = "GetProducts", controller = "Products"}. Executing controller action with signature System.Threading.Tasks.Task`1[Microsoft.AspNetCore.Mvc.ActionResult`1[System.Collections.Generic.IEnumerable`1[webapi_shopping_interview.Model.Product]]] GetProducts() on controller webapi_shopping_interview.Controllers.ProductsController (webapi-shopping-interview).
2024-08-05 10:25:43.818 +07:00 [INF] Fetching all products from the database.
2024-08-05 10:25:43.828 +07:00 [INF] Entity Framework Core 6.0.0 initialized 'AppDbContext' using provider 'Microsoft.EntityFrameworkCore.InMemory:6.0.0' with options: StoreName=Interview 
2024-08-05 10:25:43.962 +07:00 [INF] Executing ObjectResult, writing value of type 'System.Collections.Generic.List`1[[webapi_shopping_interview.Model.Product, webapi-shopping-interview, Version=1.0.0.0, Culture=neutral, PublicKeyToken=null]]'.
2024-08-05 10:25:44.033 +07:00 [INF] Executed action webapi_shopping_interview.Controllers.ProductsController.GetProducts (webapi-shopping-interview) in 3740.8585ms
2024-08-05 10:25:44.035 +07:00 [INF] Executed endpoint 'webapi_shopping_interview.Controllers.ProductsController.GetProducts (webapi-shopping-interview)'
2024-08-05 10:25:44.043 +07:00 [INF] Request finished HTTP/2 GET https://localhost:7040/api/Products - - - 200 - application/json;+charset=utf-8 3801.1595ms
2024-08-05 10:34:28.861 +07:00 [INF] Application Starting
2024-08-05 10:34:29.389 +07:00 [INF] Entity Framework Core 6.0.0 initialized 'AppDbContext' using provider 'Microsoft.EntityFrameworkCore.InMemory:6.0.0' with options: StoreName=Interview 
2024-08-05 10:34:29.463 +07:00 [INF] Saved 7 entities to in-memory store.
2024-08-05 10:34:29.471 +07:00 [INF] Database created successfully and seeding data.
2024-08-05 10:34:29.608 +07:00 [INF] Now listening on: https://localhost:7040
2024-08-05 10:34:29.609 +07:00 [INF] Now listening on: http://localhost:5170
2024-08-05 10:34:29.610 +07:00 [INF] Application started. Press Ctrl+C to shut down.
2024-08-05 10:34:29.611 +07:00 [INF] Hosting environment: Development
2024-08-05 10:34:29.611 +07:00 [INF] Content root path: C:\jay\project\ShoppingInterview\webapi-shopping-interview\webapi-shopping-interview\
2024-08-05 10:34:30.185 +07:00 [INF] Request starting HTTP/2 GET https://localhost:7040/swagger/index.html - -
2024-08-05 10:34:30.426 +07:00 [INF] Request finished HTTP/2 GET https://localhost:7040/swagger/index.html - - - 200 - text/html;charset=utf-8 244.3296ms
2024-08-05 10:34:30.428 +07:00 [INF] Request starting HTTP/2 GET https://localhost:7040/_vs/browserLink - -
2024-08-05 10:34:30.428 +07:00 [INF] Request starting HTTP/2 GET https://localhost:7040/_framework/aspnetcore-browser-refresh.js - -
2024-08-05 10:34:30.436 +07:00 [INF] Request finished HTTP/2 GET https://localhost:7040/_framework/aspnetcore-browser-refresh.js - - - 200 13786 application/javascript;+charset=utf-8 7.3134ms
2024-08-05 10:34:30.473 +07:00 [INF] Request finished HTTP/2 GET https://localhost:7040/_vs/browserLink - - - 200 - text/javascript;+charset=UTF-8 44.2975ms
2024-08-05 10:34:30.503 +07:00 [INF] Request starting HTTP/2 GET https://localhost:7040/swagger/v1/swagger.json - -
2024-08-05 10:34:30.579 +07:00 [INF] Request finished HTTP/2 GET https://localhost:7040/swagger/v1/swagger.json - - - 200 - application/json;charset=utf-8 75.2746ms
2024-08-05 10:37:02.691 +07:00 [INF] Request starting HTTP/2 GET https://localhost:7040/api/Products - -
2024-08-05 10:37:02.750 +07:00 [INF] CORS policy execution successful.
2024-08-05 10:37:02.763 +07:00 [INF] Executing endpoint 'webapi_shopping_interview.Controllers.ProductsController.GetProducts (webapi-shopping-interview)'
2024-08-05 10:37:02.793 +07:00 [INF] Route matched with {action = "GetProducts", controller = "Products"}. Executing controller action with signature System.Threading.Tasks.Task`1[Microsoft.AspNetCore.Mvc.ActionResult`1[System.Collections.Generic.IEnumerable`1[webapi_shopping_interview.Model.Product]]] GetProducts() on controller webapi_shopping_interview.Controllers.ProductsController (webapi-shopping-interview).
2024-08-05 10:37:02.814 +07:00 [INF] Fetching all products from the database.
2024-08-05 10:37:02.825 +07:00 [INF] Entity Framework Core 6.0.0 initialized 'AppDbContext' using provider 'Microsoft.EntityFrameworkCore.InMemory:6.0.0' with options: StoreName=Interview 
2024-08-05 10:37:03.114 +07:00 [INF] Executing ObjectResult, writing value of type 'System.Collections.Generic.List`1[[webapi_shopping_interview.Model.Product, webapi-shopping-interview, Version=1.0.0.0, Culture=neutral, PublicKeyToken=null]]'.
2024-08-05 10:37:03.180 +07:00 [INF] Request starting HTTP/2 GET https://localhost:7040/api/Products - -
2024-08-05 10:37:03.258 +07:00 [INF] Executed action webapi_shopping_interview.Controllers.ProductsController.GetProducts (webapi-shopping-interview) in 449.2073ms
2024-08-05 10:37:03.261 +07:00 [INF] CORS policy execution successful.
2024-08-05 10:37:03.267 +07:00 [INF] Executed endpoint 'webapi_shopping_interview.Controllers.ProductsController.GetProducts (webapi-shopping-interview)'
2024-08-05 10:37:03.267 +07:00 [INF] Executing endpoint 'webapi_shopping_interview.Controllers.ProductsController.GetProducts (webapi-shopping-interview)'
2024-08-05 10:37:03.274 +07:00 [INF] Request finished HTTP/2 GET https://localhost:7040/api/Products - - - 200 - application/json;+charset=utf-8 583.0218ms
2024-08-05 10:37:03.275 +07:00 [INF] Route matched with {action = "GetProducts", controller = "Products"}. Executing controller action with signature System.Threading.Tasks.Task`1[Microsoft.AspNetCore.Mvc.ActionResult`1[System.Collections.Generic.IEnumerable`1[webapi_shopping_interview.Model.Product]]] GetProducts() on controller webapi_shopping_interview.Controllers.ProductsController (webapi-shopping-interview).
2024-08-05 10:37:03.277 +07:00 [INF] Fetching all products from the database.
2024-08-05 10:37:03.300 +07:00 [INF] Entity Framework Core 6.0.0 initialized 'AppDbContext' using provider 'Microsoft.EntityFrameworkCore.InMemory:6.0.0' with options: StoreName=Interview 
2024-08-05 10:37:03.301 +07:00 [INF] Executing ObjectResult, writing value of type 'System.Collections.Generic.List`1[[webapi_shopping_interview.Model.Product, webapi-shopping-interview, Version=1.0.0.0, Culture=neutral, PublicKeyToken=null]]'.
2024-08-05 10:37:03.305 +07:00 [INF] Executed action webapi_shopping_interview.Controllers.ProductsController.GetProducts (webapi-shopping-interview) in 28.8255ms
2024-08-05 10:37:03.309 +07:00 [INF] Executed endpoint 'webapi_shopping_interview.Controllers.ProductsController.GetProducts (webapi-shopping-interview)'
2024-08-05 10:37:03.310 +07:00 [INF] Request finished HTTP/2 GET https://localhost:7040/api/Products - - - 200 - application/json;+charset=utf-8 129.5343ms
2024-08-05 10:38:08.428 +07:00 [INF] Request starting HTTP/2 GET https://localhost:7040/api/Products - -
2024-08-05 10:38:08.438 +07:00 [INF] CORS policy execution successful.
2024-08-05 10:38:08.438 +07:00 [INF] Executing endpoint 'webapi_shopping_interview.Controllers.ProductsController.GetProducts (webapi-shopping-interview)'
2024-08-05 10:38:08.439 +07:00 [INF] Route matched with {action = "GetProducts", controller = "Products"}. Executing controller action with signature System.Threading.Tasks.Task`1[Microsoft.AspNetCore.Mvc.ActionResult`1[System.Collections.Generic.IEnumerable`1[webapi_shopping_interview.Model.Product]]] GetProducts() on controller webapi_shopping_interview.Controllers.ProductsController (webapi-shopping-interview).
2024-08-05 10:38:08.440 +07:00 [INF] Fetching all products from the database.
2024-08-05 10:38:08.442 +07:00 [INF] Entity Framework Core 6.0.0 initialized 'AppDbContext' using provider 'Microsoft.EntityFrameworkCore.InMemory:6.0.0' with options: StoreName=Interview 
2024-08-05 10:38:08.444 +07:00 [INF] Executing ObjectResult, writing value of type 'System.Collections.Generic.List`1[[webapi_shopping_interview.Model.Product, webapi-shopping-interview, Version=1.0.0.0, Culture=neutral, PublicKeyToken=null]]'.
2024-08-05 10:38:08.464 +07:00 [INF] Request starting HTTP/2 GET https://localhost:7040/api/Products - -
2024-08-05 10:38:08.465 +07:00 [INF] CORS policy execution successful.
2024-08-05 10:38:08.465 +07:00 [INF] Executing endpoint 'webapi_shopping_interview.Controllers.ProductsController.GetProducts (webapi-shopping-interview)'
2024-08-05 10:38:08.465 +07:00 [INF] Route matched with {action = "GetProducts", controller = "Products"}. Executing controller action with signature System.Threading.Tasks.Task`1[Microsoft.AspNetCore.Mvc.ActionResult`1[System.Collections.Generic.IEnumerable`1[webapi_shopping_interview.Model.Product]]] GetProducts() on controller webapi_shopping_interview.Controllers.ProductsController (webapi-shopping-interview).
2024-08-05 10:38:08.466 +07:00 [INF] Fetching all products from the database.
2024-08-05 10:38:08.467 +07:00 [INF] Entity Framework Core 6.0.0 initialized 'AppDbContext' using provider 'Microsoft.EntityFrameworkCore.InMemory:6.0.0' with options: StoreName=Interview 
2024-08-05 10:38:08.470 +07:00 [INF] Executing ObjectResult, writing value of type 'System.Collections.Generic.List`1[[webapi_shopping_interview.Model.Product, webapi-shopping-interview, Version=1.0.0.0, Culture=neutral, PublicKeyToken=null]]'.
2024-08-05 10:38:08.485 +07:00 [INF] Executed action webapi_shopping_interview.Controllers.ProductsController.GetProducts (webapi-shopping-interview) in 45.5092ms
2024-08-05 10:38:08.492 +07:00 [INF] Executed endpoint 'webapi_shopping_interview.Controllers.ProductsController.GetProducts (webapi-shopping-interview)'
2024-08-05 10:38:08.493 +07:00 [INF] Request finished HTTP/2 GET https://localhost:7040/api/Products - - - 200 - application/json;+charset=utf-8 64.7124ms
2024-08-05 10:38:08.494 +07:00 [INF] Executed action webapi_shopping_interview.Controllers.ProductsController.GetProducts (webapi-shopping-interview) in 27.5289ms
2024-08-05 10:38:08.499 +07:00 [INF] Executed endpoint 'webapi_shopping_interview.Controllers.ProductsController.GetProducts (webapi-shopping-interview)'
2024-08-05 10:38:08.500 +07:00 [INF] Request finished HTTP/2 GET https://localhost:7040/api/Products - - - 200 - application/json;+charset=utf-8 36.2132ms
2024-08-05 10:38:33.983 +07:00 [INF] Request starting HTTP/2 GET https://localhost:7040/api/Products - -
2024-08-05 10:38:33.986 +07:00 [INF] CORS policy execution successful.
2024-08-05 10:38:33.987 +07:00 [INF] Executing endpoint 'webapi_shopping_interview.Controllers.ProductsController.GetProducts (webapi-shopping-interview)'
2024-08-05 10:38:33.987 +07:00 [INF] Route matched with {action = "GetProducts", controller = "Products"}. Executing controller action with signature System.Threading.Tasks.Task`1[Microsoft.AspNetCore.Mvc.ActionResult`1[System.Collections.Generic.IEnumerable`1[webapi_shopping_interview.Model.Product]]] GetProducts() on controller webapi_shopping_interview.Controllers.ProductsController (webapi-shopping-interview).
2024-08-05 10:38:33.988 +07:00 [INF] Fetching all products from the database.
2024-08-05 10:38:33.989 +07:00 [INF] Entity Framework Core 6.0.0 initialized 'AppDbContext' using provider 'Microsoft.EntityFrameworkCore.InMemory:6.0.0' with options: StoreName=Interview 
2024-08-05 10:38:33.992 +07:00 [INF] Executing ObjectResult, writing value of type 'System.Collections.Generic.List`1[[webapi_shopping_interview.Model.Product, webapi-shopping-interview, Version=1.0.0.0, Culture=neutral, PublicKeyToken=null]]'.
2024-08-05 10:38:33.993 +07:00 [INF] Executed action webapi_shopping_interview.Controllers.ProductsController.GetProducts (webapi-shopping-interview) in 4.9779ms
2024-08-05 10:38:33.994 +07:00 [INF] Executed endpoint 'webapi_shopping_interview.Controllers.ProductsController.GetProducts (webapi-shopping-interview)'
2024-08-05 10:38:33.994 +07:00 [INF] Request finished HTTP/2 GET https://localhost:7040/api/Products - - - 200 - application/json;+charset=utf-8 11.6893ms
2024-08-05 10:38:33.999 +07:00 [INF] Request starting HTTP/2 GET https://localhost:7040/api/Products - -
2024-08-05 10:38:33.999 +07:00 [INF] CORS policy execution successful.
2024-08-05 10:38:34.000 +07:00 [INF] Executing endpoint 'webapi_shopping_interview.Controllers.ProductsController.GetProducts (webapi-shopping-interview)'
2024-08-05 10:38:34.000 +07:00 [INF] Route matched with {action = "GetProducts", controller = "Products"}. Executing controller action with signature System.Threading.Tasks.Task`1[Microsoft.AspNetCore.Mvc.ActionResult`1[System.Collections.Generic.IEnumerable`1[webapi_shopping_interview.Model.Product]]] GetProducts() on controller webapi_shopping_interview.Controllers.ProductsController (webapi-shopping-interview).
2024-08-05 10:38:34.001 +07:00 [INF] Fetching all products from the database.
2024-08-05 10:38:34.002 +07:00 [INF] Entity Framework Core 6.0.0 initialized 'AppDbContext' using provider 'Microsoft.EntityFrameworkCore.InMemory:6.0.0' with options: StoreName=Interview 
2024-08-05 10:38:34.003 +07:00 [INF] Executing ObjectResult, writing value of type 'System.Collections.Generic.List`1[[webapi_shopping_interview.Model.Product, webapi-shopping-interview, Version=1.0.0.0, Culture=neutral, PublicKeyToken=null]]'.
2024-08-05 10:38:34.005 +07:00 [INF] Executed action webapi_shopping_interview.Controllers.ProductsController.GetProducts (webapi-shopping-interview) in 3.466ms
2024-08-05 10:38:34.005 +07:00 [INF] Executed endpoint 'webapi_shopping_interview.Controllers.ProductsController.GetProducts (webapi-shopping-interview)'
2024-08-05 10:38:34.006 +07:00 [INF] Request finished HTTP/2 GET https://localhost:7040/api/Products - - - 200 - application/json;+charset=utf-8 7.1610ms
